2020-11-05 09:38:05,784 INFO org.springframework.boot.StartupInfoLogger [main] Starting SPLConsoleApp on Omicron with PID 23492 (D:\Projects.github\java_projects\check_web\target\classes started by Corrado Mio in D:\Projects.github\java_projects\check_web)
2020-11-05 09:38:05,786 INFO org.springframework.boot.SpringApplication [main] No active profile set, falling back to default profiles: default
2020-11-05 09:38:06,451 INFO org.springframework.data.repository.config.RepositoryConfigurationDelegate [main] Bootstrapping Spring Data Neo4j repositories in DEFAULT mode.
2020-11-05 09:38:06,492 INFO org.springframework.data.repository.config.RepositoryConfigurationDelegate [main] Finished Spring Data repository scanning in 29ms. Found 1 Neo4j repository interfaces.
2020-11-05 09:38:07,008 INFO org.springframework.boot.web.embedded.tomcat.TomcatWebServer [main] Tomcat initialized with port(s): 8080 (http)
2020-11-05 09:38:07,018 INFO org.apache.juli.logging.DirectJDKLog [main] Initializing ProtocolHandler ["http-nio-8080"]
2020-11-05 09:38:07,018 INFO org.apache.juli.logging.DirectJDKLog [main] Starting service [Tomcat]
2020-11-05 09:38:07,018 INFO org.apache.juli.logging.DirectJDKLog [main] Starting Servlet engine: [Apache Tomcat/9.0.38]
2020-11-05 09:38:07,099 INFO org.apache.juli.logging.DirectJDKLog [main] Initializing Spring embedded WebApplicationContext
2020-11-05 09:38:07,099 INFO org.springframework.boot.web.servlet.context.ServletWebServerApplicationContext [main] Root WebApplicationContext: initialization completed in 1253 ms
2020-11-05 09:38:07,170 INFO ae.ebtic.spl.main.SPLConfigApp [main] SPLConfigApp::new
2020-11-05 09:38:07,179 INFO ae.ebtic.spl.main.SPLWebApp [main] SPLWebApp::new
2020-11-05 09:38:07,661 INFO org.springframework.data.neo4j.mapping.Neo4jMappingContext [main] Neo4jMappingContext initialisation completed
2020-11-05 09:38:07,692 WARN org.springframework.data.neo4j.mapping.Neo4jPersistentProperty [main] Owning ClassInfo is null for property: private java.lang.Long ae.ebtic.spl.data.feature.Feature.id
2020-11-05 09:38:07,707 WARN org.springframework.data.neo4j.mapping.Neo4jPersistentProperty [main] Owning ClassInfo is null for property: private java.lang.String ae.ebtic.spl.data.feature.Feature.name
2020-11-05 09:38:08,046 INFO org.springframework.scheduling.concurrent.ExecutorConfigurationSupport [main] Initializing ExecutorService 'applicationTaskExecutor'
2020-11-05 09:38:08,240 WARN org.springframework.boot.autoconfigure.thymeleaf.ThymeleafAutoConfiguration$DefaultTemplateResolverConfiguration [main] Cannot find template location: classpath:/templates/ (please add some templates or check your Thymeleaf configuration)
2020-11-05 09:38:08,410 INFO org.apache.juli.logging.DirectJDKLog [main] Starting ProtocolHandler ["http-nio-8080"]
2020-11-05 09:38:08,418 WARN org.springframework.context.support.AbstractApplicationContext [main] Exception encountered during context initialization - cancelling refresh attempt: org.springframework.context.ApplicationContextException: Failed to start bean 'webServerStartStop'; nested exception is org.springframework.boot.web.server.PortInUseException: Port 8080 is already in use
2020-11-05 09:38:08,418 INFO org.springframework.scheduling.concurrent.ExecutorConfigurationSupport [main] Shutting down ExecutorService 'applicationTaskExecutor'
2020-11-05 09:38:08,642 INFO org.apache.juli.logging.DirectJDKLog [main] Pausing ProtocolHandler ["http-nio-8080"]
2020-11-05 09:38:08,642 INFO org.apache.juli.logging.DirectJDKLog [main] Stopping service [Tomcat]
2020-11-05 09:38:08,642 INFO org.apache.juli.logging.DirectJDKLog [main] Stopping ProtocolHandler ["http-nio-8080"]
2020-11-05 09:38:08,642 INFO org.apache.juli.logging.DirectJDKLog [main] Destroying ProtocolHandler ["http-nio-8080"]
2020-11-05 09:38:08,652 INFO org.springframework.boot.autoconfigure.logging.ConditionEvaluationReportLoggingListener [main] 

Error starting ApplicationContext. To display the conditions report re-run your application with 'debug' enabled.
2020-11-05 09:38:08,652 ERROR org.springframework.boot.diagnostics.LoggingFailureAnalysisReporter [main] 

***************************
APPLICATION FAILED TO START
***************************

Description:

Web server failed to start. Port 8080 was already in use.

Action:

Identify and stop the process that's listening on port 8080 or configure this application to listen on another port.

