#
# A fatal error has been detected by the Java Runtime Environment:
#
#  EXCEPTION_ACCESS_VIOLATION (0xc0000005) at pc=0x00007ffbbbd5a151, pid=25072, tid=19640
#
# JRE version: Java(TM) SE Runtime Environment (17.0.2+8) (build 17.0.2+8-LTS-86)
# Java VM: Java HotSpot(TM) 64-Bit Server VM (17.0.2+8-LTS-86, mixed mode, sharing, tiered, compressed oops, compressed class ptrs, g1 gc, windows-amd64)
# Problematic frame:
# C  [librocksdbjni1007027846048856538.dll+0x2da151]
#
# No core dump will be written. Minidumps are not enabled by default on client versions of Windows
#
# If you would like to submit a bug report, please visit:
#   https://bugreport.java.com/bugreport/crash.jsp
# The crash happened outside the Java Virtual Machine in native code.
# See problematic frame for where to report the bug.
#

---------------  S U M M A R Y ------------

Command Line: -agentlib:jdwp=transport=dt_socket,address=127.0.0.1:60552,suspend=y,server=n -javaagent:C:\Users\CORRAD~1\AppData\Local\Temp\captureAgent11894jars\debugger-agent.jar -Dfile.encoding=UTF-8 org.hls.check.App

Host: 11th Gen Intel(R) Core(TM) i9-11950H @ 2.60GHz, 16 cores, 63G,  Windows 10 , 64 bit Build 19041 (10.0.19041.1706)
Time: Wed Jun 15 19:44:15 2022 Arabian Standard Time elapsed time: 184.191368 seconds (0d 0h 3m 4s)

---------------  T H R E A D  ---------------

Current thread (0x0000024f6879bf30):  JavaThread "main" [_thread_in_native, id=19640, stack(0x000000c29d000000,0x000000c29d100000)]

Stack: [0x000000c29d000000,0x000000c29d100000],  sp=0x000000c29d0fe660,  free space=1017k
Native frames: (J=compiled Java code, j=interpreted, Vv=VM code, C=native code)
C  [librocksdbjni1007027846048856538.dll+0x2da151]

Java frames: (J=compiled Java code, j=interpreted, Vv=VM code)
j  org.rocksdb.RocksIterator.next0(J)V+0
j  org.rocksdb.AbstractRocksIterator.next()V+26
v  ~StubRoutines::call_stub
j  jext.data.kv.rocksdb.RocketsDBStorage.keySet()Ljava/util/Set;+49
j  org.hls.check.App.read()V+172
j  org.hls.check.App.main([Ljava/lang/String;)V+6
v  ~StubRoutines::call_stub

siginfo: EXCEPTION_ACCESS_VIOLATION (0xc0000005), reading address 0x0000000000000000


Register to memory mapping:

RIP=0x00007ffbbbd5a151 librocksdbjni1007027846048856538.dll
RAX=0x00007ffbbbf22600 librocksdbjni1007027846048856538.dll
RBX=0x0 is NULL
RCX=0x0000024f291165e8 points into unknown readable memory: 0x00007ffbbbf22600 | 00 26 f2 bb fb 7f 00 00
RDX=0x0000024f29116160 points into unknown readable memory: 0x00007ffbbbf48867 | 67 88 f4 bb fb 7f 00 00
RSP=0x000000c29d0fe660 is pointing into the stack for thread: 0x0000024f6879bf30
RBP=0x000000c29d0fe760 is pointing into the stack for thread: 0x0000024f6879bf30
RSI=0x0000024f29116160 points into unknown readable memory: 0x00007ffbbbf48867 | 67 88 f4 bb fb 7f 00 00
RDI=0x0000024f291165e8 points into unknown readable memory: 0x00007ffbbbf22600 | 00 26 f2 bb fb 7f 00 00
R8 =0x0000024f291160c0 points into unknown readable memory: 0x00007ffbbbf000b8 | b8 00 f0 bb fb 7f 00 00
R9 =0x0000000000000005 is an unknown value
R10=0x0000024f70001337 is at code_begin+1911 in an Interpreter codelet
method entry point (kind = native)  [0x0000024f70000bc0, 0x0000024f70001ce0]  4384 bytes
R11=0x0000000000000110 is an unknown value
R12=0x0000024f2918ffb0 points into unknown readable memory: 0x0000000000000000 | 00 00 00 00 00 00 00 00
R13=0x0000024f2918fd48 points into unknown readable memory: 0x0000000000000002 | 02 00 00 00 00 00 00 00
R14=0x0 is NULL
R15=0x0000024f2918fd50 points into unknown readable memory: 0x00000000010e1aa4 | a4 1a 0e 01 00 00 00 00


Registers:
RAX=0x00007ffbbbf22600, RBX=0x0000000000000000, RCX=0x0000024f291165e8, RDX=0x0000024f29116160
RSP=0x000000c29d0fe660, RBP=0x000000c29d0fe760, RSI=0x0000024f29116160, RDI=0x0000024f291165e8
R8 =0x0000024f291160c0, R9 =0x0000000000000005, R10=0x0000024f70001337, R11=0x0000000000000110
R12=0x0000024f2918ffb0, R13=0x0000024f2918fd48, R14=0x0000000000000000, R15=0x0000024f2918fd50
RIP=0x00007ffbbbd5a151, EFLAGS=0x0000000000010246

Top of Stack: (sp=0x000000c29d0fe660)
0x000000c29d0fe660:   0000000000000000 0000024f6879bf30
0x000000c29d0fe670:   0000024f66537160 0000024f6879c7f0
0x000000c29d0fe680:   fffffffffffffffe 0000024f6879c8d8
0x000000c29d0fe690:   00000000000000d8 000000c29d0feb78
0x000000c29d0fe6a0:   0000024f6879bf01 00007ffbbbd5a27b
0x000000c29d0fe6b0:   000000c29d0fe840 0000024f291165e8
0x000000c29d0fe6c0:   0000024f29116160 000000c29d0fe810
0x000000c29d0fe6d0:   0000bcbd86c6388d 00007ffbbc9ae486
0x000000c29d0fe6e0:   0000024f6879bf01 00007ffbbbd4608d
0x000000c29d0fe6f0:   0000024f291160f8 0000000000000000
0x000000c29d0fe700:   0000024f6879bf30 0000024f2b18aa60
0x000000c29d0fe710:   fffffffffffffffe 00007ffbbc9ae672
0x000000c29d0fe720:   000000000000017c 000000c29d0f0100
0x000000c29d0fe730:   0000000000000000 0000000000000000
0x000000c29d0fe740:   0000024f2918ffb0 0000000000000000
0x000000c29d0fe750:   0000024f00000000 0000024f70001049 

Instructions: (pc=0x00007ffbbbd5a151)
0x00007ffbbbd5a051:   5c 24 60 48 89 74 24 68 4d 8b d1 41 8b d8 48 8b
0x00007ffbbbd5a061:   fa 48 8b f1 45 85 c0 75 0d 49 8b c9 e8 0e 2c f6
0x00007ffbbbd5a071:   ff e9 91 00 00 00 83 fb 01 75 08 48 8b 02 e9 84
0x00007ffbbbd5a081:   00 00 00 4d 85 d2 75 39 b9 b8 01 00 00 e8 cd 18
0x00007ffbbbd5a091:   13 00 48 89 44 24 38 48 85 c0 74 23 0f b6 8c 24
0x00007ffbbbd5a0a1:   80 00 00 00 88 4c 24 28 c6 44 24 20 00 44 8b cb
0x00007ffbbbd5a0b1:   4c 8b c7 48 8b d6 48 8b c8 e8 71 f1 ff ff 90 eb
0x00007ffbbbd5a0c1:   46 49 8b 01 45 33 c9 45 33 c0 ba b8 01 00 00 49
0x00007ffbbbd5a0d1:   8b ca ff 50 10 48 89 44 24 38 48 89 44 24 40 48
0x00007ffbbbd5a0e1:   85 c0 74 23 0f b6 8c 24 80 00 00 00 88 4c 24 28
0x00007ffbbbd5a0f1:   c6 44 24 20 01 44 8b cb 4c 8b c7 48 8b d6 48 8b
0x00007ffbbbd5a101:   c8 e8 29 f1 ff ff 90 48 8b 5c 24 60 48 8b 74 24
0x00007ffbbbd5a111:   68 48 83 c4 50 5f c3 cc cc cc cc cc cc cc cc 40
0x00007ffbbbd5a121:   57 48 83 ec 40 48 c7 44 24 20 fe ff ff ff 48 89
0x00007ffbbbd5a131:   5c 24 58 48 89 74 24 60 48 8b f9 83 b9 20 01 00
0x00007ffbbbd5a141:   00 00 74 05 e8 a6 11 00 00 48 8b 9f 08 01 00 00
0x00007ffbbbd5a151:   48 8b 0b 48 8b 01 48 8d 53 08 ff 50 38 88 43 20
0x00007ffbbbd5a161:   48 8b 9f 08 01 00 00 48 8d 54 24 28 80 7b 20 00
0x00007ffbbbd5a171:   74 42 48 8d 8f 30 01 00 00 e8 31 17 00 00 48 8b
0x00007ffbbbd5a181:   48 08 48 8b 00 48 83 f9 08 73 0a 48 8b 40 48 48
0x00007ffbbbd5a191:   8d 14 c8 eb 0c 48 8b 40 50 48 8d 51 f8 48 8d 14
0x00007ffbbbd5a1a1:   d0 48 89 1a 33 d2 48 8d 8f 28 01 00 00 e8 fd 19
0x00007ffbbbd5a1b1:   00 00 eb 3f 48 8b cb e8 33 3f ef ff 48 8b d8 48
0x00007ffbbbd5a1c1:   89 44 24 50 80 38 00 74 15 48 8d 8f 10 01 00 00
0x00007ffbbbd5a1d1:   80 39 00 75 09 48 8b d0 e8 62 27 ed ff 90 48 8b
0x00007ffbbbd5a1e1:   4b 08 e8 7c 18 13 00 48 8d 8f 28 01 00 00 e8 fc
0x00007ffbbbd5a1f1:   1c 00 00 48 8d 8f 30 01 00 00 48 8b 41 58 48 2b
0x00007ffbbbd5a201:   41 50 48 c1 f8 03 48 03 01 74 39 48 8d 54 24 28
0x00007ffbbbd5a211:   e8 aa 16 00 00 48 8b 48 08 48 8b 00 48 83 f9 08
0x00007ffbbbd5a221:   73 0a 48 8b 40 48 48 8d 04 c8 eb 0c 48 8b 40 50
0x00007ffbbbd5a231:   48 8d 04 c8 48 83 c0 c0 48 8b 00 48 89 87 08 01
0x00007ffbbbd5a241:   00 00 eb 0b 48 c7 87 08 01 00 00 00 00 00 00 48 


Stack slot to memory mapping:
stack at sp + 0 slots: 0x0 is NULL
stack at sp + 1 slots: 0x0000024f6879bf30 is a thread
stack at sp + 2 slots: 0x0000024f66537160 points into unknown readable memory: 0x0000024f00000002 | 02 00 00 00 4f 02 00 00
stack at sp + 3 slots: 0x0000024f6879c7f0 points into unknown readable memory: 0x0000000000000000 | 00 00 00 00 00 00 00 00
stack at sp + 4 slots: 0xfffffffffffffffe is an unknown value
stack at sp + 5 slots: 0x0000024f6879c8d8 points into unknown readable memory: 0x00036b70af1439e4 | e4 39 14 af 70 6b 03 00
stack at sp + 6 slots: 0x00000000000000d8 is an unknown value
stack at sp + 7 slots: 0x000000c29d0feb78 is pointing into the stack for thread: 0x0000024f6879bf30


---------------  P R O C E S S  ---------------

Threads class SMR info:
_java_thread_list=0x0000024f298fa200, length=15, elements={
0x0000024f6879bf30, 0x0000024f7fc84510, 0x0000024f7fc870d0, 0x0000024f7fc97450,
0x0000024f7fc99e20, 0x0000024f7fc9c7e0, 0x0000024f7fc9d5a0, 0x0000024f2823edc0,
0x0000024f28251520, 0x0000024f2825bb20, 0x0000024f2823c850, 0x0000024f2841b780,
0x0000024f2841c810, 0x0000024f2845a4e0, 0x0000024f2842d2e0
}

Java Threads: ( => current thread )
=>0x0000024f6879bf30 JavaThread "main" [_thread_in_native, id=19640, stack(0x000000c29d000000,0x000000c29d100000)]
  0x0000024f7fc84510 JavaThread "Reference Handler" daemon [_thread_blocked, id=7300, stack(0x000000c29d700000,0x000000c29d800000)]
  0x0000024f7fc870d0 JavaThread "Finalizer" daemon [_thread_blocked, id=14832, stack(0x000000c29d800000,0x000000c29d900000)]
  0x0000024f7fc97450 JavaThread "Signal Dispatcher" daemon [_thread_blocked, id=1952, stack(0x000000c29d900000,0x000000c29da00000)]
  0x0000024f7fc99e20 JavaThread "Attach Listener" daemon [_thread_blocked, id=12596, stack(0x000000c29da00000,0x000000c29db00000)]
  0x0000024f7fc9c7e0 JavaThread "Service Thread" daemon [_thread_blocked, id=18900, stack(0x000000c29db00000,0x000000c29dc00000)]
  0x0000024f7fc9d5a0 JavaThread "Monitor Deflation Thread" daemon [_thread_blocked, id=10220, stack(0x000000c29dc00000,0x000000c29dd00000)]
  0x0000024f2823edc0 JavaThread "C2 CompilerThread0" daemon [_thread_blocked, id=20124, stack(0x000000c29dd00000,0x000000c29de00000)]
  0x0000024f28251520 JavaThread "C1 CompilerThread0" daemon [_thread_blocked, id=22572, stack(0x000000c29de00000,0x000000c29df00000)]
  0x0000024f2825bb20 JavaThread "Sweeper thread" daemon [_thread_blocked, id=8308, stack(0x000000c29df00000,0x000000c29e000000)]
  0x0000024f2823c850 JavaThread "Common-Cleaner" daemon [_thread_blocked, id=21152, stack(0x000000c29e000000,0x000000c29e100000)]
  0x0000024f2841b780 JavaThread "JDWP Transport Listener: dt_socket" daemon [_thread_blocked, id=21264, stack(0x000000c29e400000,0x000000c29e500000)]
  0x0000024f2841c810 JavaThread "JDWP Event Helper Thread" daemon [_thread_blocked, id=17324, stack(0x000000c29e500000,0x000000c29e600000)]
  0x0000024f2845a4e0 JavaThread "JDWP Command Reader" daemon [_thread_in_native, id=2600, stack(0x000000c29e600000,0x000000c29e700000)]
  0x0000024f2842d2e0 JavaThread "Notification Thread" daemon [_thread_blocked, id=7476, stack(0x000000c29e700000,0x000000c29e800000)]

Other Threads:
  0x0000024f7fc7fa70 VMThread "VM Thread" [stack: 0x000000c29d600000,0x000000c29d700000] [id=3404]
  0x0000024f28464c10 WatcherThread [stack: 0x000000c29e800000,0x000000c29e900000] [id=10672]
  0x0000024f68855110 GCTaskThread "GC Thread#0" [stack: 0x000000c29d100000,0x000000c29d200000] [id=8176]
  0x0000024f29275390 GCTaskThread "GC Thread#1" [stack: 0x000000c29e200000,0x000000c29e300000] [id=2496]
  0x0000024f29770390 GCTaskThread "GC Thread#2" [stack: 0x000000c29ea00000,0x000000c29eb00000] [id=12032]
  0x0000024f2910eed0 GCTaskThread "GC Thread#3" [stack: 0x000000c29ec00000,0x000000c29ed00000] [id=16624]
  0x0000024f687a6d90 GCTaskThread "GC Thread#4" [stack: 0x000000c29ed00000,0x000000c29ee00000] [id=12104]
  0x0000024f687a7450 GCTaskThread "GC Thread#5" [stack: 0x000000c29ee00000,0x000000c29ef00000] [id=20336]
  0x0000024f687a7700 GCTaskThread "GC Thread#6" [stack: 0x000000c29ef00000,0x000000c29f000000] [id=18376]
  0x0000024f687a79b0 GCTaskThread "GC Thread#7" [stack: 0x000000c29f000000,0x000000c29f100000] [id=8520]
  0x0000024f29b62590 GCTaskThread "GC Thread#8" [stack: 0x000000c29f100000,0x000000c29f200000] [id=19088]
  0x0000024f29b63460 GCTaskThread "GC Thread#9" [stack: 0x000000c29f200000,0x000000c29f300000] [id=23976]
  0x0000024f2947f4e0 GCTaskThread "GC Thread#10" [stack: 0x000000c29f300000,0x000000c29f400000] [id=24076]
  0x0000024f294921e0 GCTaskThread "GC Thread#11" [stack: 0x000000c29f400000,0x000000c29f500000] [id=21720]
  0x0000024f29491f30 GCTaskThread "GC Thread#12" [stack: 0x000000c29f500000,0x000000c29f600000] [id=19884]
  0x0000024f68865d20 ConcurrentGCThread "G1 Main Marker" [stack: 0x000000c29d200000,0x000000c29d300000] [id=21272]
  0x0000024f68866730 ConcurrentGCThread "G1 Conc#0" [stack: 0x000000c29d300000,0x000000c29d400000] [id=6256]
  0x0000024f7fc59010 ConcurrentGCThread "G1 Refine#0" [stack: 0x000000c29d400000,0x000000c29d500000] [id=16576]
  0x0000024f7fc59a30 ConcurrentGCThread "G1 Service" [stack: 0x000000c29d500000,0x000000c29d600000] [id=5404]

Threads with active compile tasks:

VM state: not at safepoint (normal execution)

VM Mutex/Monitor currently owned by a thread: None

Heap address: 0x000000040c800000, size: 16184 MB, Compressed Oops mode: Zero based, Oop shift amount: 3

CDS archive(s) mapped at: [0x0000000800000000-0x0000000800bc0000-0x0000000800bc0000), size 12320768, SharedBaseAddress: 0x0000000800000000, ArchiveRelocationMode: 0.
Compressed class space mapped at: 0x0000000800c00000-0x0000000840c00000, reserved size: 1073741824
Narrow klass base: 0x0000000800000000, Narrow klass shift: 0, Narrow klass range: 0x100000000

GC Precious Log:
 CPUs: 16 total, 16 available
 Memory: 64721M
 Large Page Support: Disabled
 NUMA Support: Disabled
 Compressed Oops: Enabled (Zero based)
 Heap Region Size: 8M
 Heap Min Capacity: 8M
 Heap Initial Capacity: 1016M
 Heap Max Capacity: 16184M
 Pre-touch: Disabled
 Parallel Workers: 13
 Concurrent Workers: 3
 Concurrent Refinement Workers: 13
 Periodic GC: Disabled

Heap:
 garbage-first heap   total 1040384K, used 376147K [0x000000040c800000, 0x0000000800000000)
  region size 8192K, 47 young (385024K), 1 survivors (8192K)
 Metaspace       used 10929K, committed 11200K, reserved 1064960K
  class space    used 1205K, committed 1344K, reserved 1048576K

Heap Regions: E=young(eden), S=young(survivor), O=old, HS=humongous(starts), HC=humongous(continues), CS=collection set, F=free, OA=open archive, CA=closed archive, TAMS=top-at-mark-start (previous, next)
|   0|0x000000040c800000, 0x000000040cf34400, 0x000000040d000000| 90%| O|  |TAMS 0x000000040c800000, 0x000000040c800000| Untracked 
|   1|0x000000040d000000, 0x000000040d000000, 0x000000040d800000|  0%| F|  |TAMS 0x000000040d000000, 0x000000040d000000| Untracked 
|   2|0x000000040d800000, 0x000000040d800000, 0x000000040e000000|  0%| F|  |TAMS 0x000000040d800000, 0x000000040d800000| Untracked 
|   3|0x000000040e000000, 0x000000040e000000, 0x000000040e800000|  0%| F|  |TAMS 0x000000040e000000, 0x000000040e000000| Untracked 
|   4|0x000000040e800000, 0x000000040e800000, 0x000000040f000000|  0%| F|  |TAMS 0x000000040e800000, 0x000000040e800000| Untracked 
|   5|0x000000040f000000, 0x000000040f000000, 0x000000040f800000|  0%| F|  |TAMS 0x000000040f000000, 0x000000040f000000| Untracked 
|   6|0x000000040f800000, 0x000000040f800000, 0x0000000410000000|  0%| F|  |TAMS 0x000000040f800000, 0x000000040f800000| Untracked 
|   7|0x0000000410000000, 0x0000000410000000, 0x0000000410800000|  0%| F|  |TAMS 0x0000000410000000, 0x0000000410000000| Untracked 
|   8|0x0000000410800000, 0x0000000410800000, 0x0000000411000000|  0%| F|  |TAMS 0x0000000410800000, 0x0000000410800000| Untracked 
|   9|0x0000000411000000, 0x0000000411000000, 0x0000000411800000|  0%| F|  |TAMS 0x0000000411000000, 0x0000000411000000| Untracked 
|  10|0x0000000411800000, 0x0000000411800000, 0x0000000412000000|  0%| F|  |TAMS 0x0000000411800000, 0x0000000411800000| Untracked 
|  11|0x0000000412000000, 0x0000000412000000, 0x0000000412800000|  0%| F|  |TAMS 0x0000000412000000, 0x0000000412000000| Untracked 
|  12|0x0000000412800000, 0x0000000412800000, 0x0000000413000000|  0%| F|  |TAMS 0x0000000412800000, 0x0000000412800000| Untracked 
|  13|0x0000000413000000, 0x0000000413000000, 0x0000000413800000|  0%| F|  |TAMS 0x0000000413000000, 0x0000000413000000| Untracked 
|  14|0x0000000413800000, 0x0000000413800000, 0x0000000414000000|  0%| F|  |TAMS 0x0000000413800000, 0x0000000413800000| Untracked 
|  15|0x0000000414000000, 0x0000000414000000, 0x0000000414800000|  0%| F|  |TAMS 0x0000000414000000, 0x0000000414000000| Untracked 
|  16|0x0000000414800000, 0x0000000414800000, 0x0000000415000000|  0%| F|  |TAMS 0x0000000414800000, 0x0000000414800000| Untracked 
|  17|0x0000000415000000, 0x0000000415000000, 0x0000000415800000|  0%| F|  |TAMS 0x0000000415000000, 0x0000000415000000| Untracked 
|  18|0x0000000415800000, 0x0000000415800000, 0x0000000416000000|  0%| F|  |TAMS 0x0000000415800000, 0x0000000415800000| Untracked 
|  19|0x0000000416000000, 0x0000000416000000, 0x0000000416800000|  0%| F|  |TAMS 0x0000000416000000, 0x0000000416000000| Untracked 
|  20|0x0000000416800000, 0x0000000416800000, 0x0000000417000000|  0%| F|  |TAMS 0x0000000416800000, 0x0000000416800000| Untracked 
|  21|0x0000000417000000, 0x0000000417000000, 0x0000000417800000|  0%| F|  |TAMS 0x0000000417000000, 0x0000000417000000| Untracked 
|  22|0x0000000417800000, 0x0000000417800000, 0x0000000418000000|  0%| F|  |TAMS 0x0000000417800000, 0x0000000417800000| Untracked 
|  23|0x0000000418000000, 0x0000000418000000, 0x0000000418800000|  0%| F|  |TAMS 0x0000000418000000, 0x0000000418000000| Untracked 
|  24|0x0000000418800000, 0x0000000418800000, 0x0000000419000000|  0%| F|  |TAMS 0x0000000418800000, 0x0000000418800000| Untracked 
|  25|0x0000000419000000, 0x0000000419000000, 0x0000000419800000|  0%| F|  |TAMS 0x0000000419000000, 0x0000000419000000| Untracked 
|  26|0x0000000419800000, 0x0000000419800000, 0x000000041a000000|  0%| F|  |TAMS 0x0000000419800000, 0x0000000419800000| Untracked 
|  27|0x000000041a000000, 0x000000041a000000, 0x000000041a800000|  0%| F|  |TAMS 0x000000041a000000, 0x000000041a000000| Untracked 
|  28|0x000000041a800000, 0x000000041a800000, 0x000000041b000000|  0%| F|  |TAMS 0x000000041a800000, 0x000000041a800000| Untracked 
|  29|0x000000041b000000, 0x000000041b000000, 0x000000041b800000|  0%| F|  |TAMS 0x000000041b000000, 0x000000041b000000| Untracked 
|  30|0x000000041b800000, 0x000000041b800000, 0x000000041c000000|  0%| F|  |TAMS 0x000000041b800000, 0x000000041b800000| Untracked 
|  31|0x000000041c000000, 0x000000041c000000, 0x000000041c800000|  0%| F|  |TAMS 0x000000041c000000, 0x000000041c000000| Untracked 
|  32|0x000000041c800000, 0x000000041c800000, 0x000000041d000000|  0%| F|  |TAMS 0x000000041c800000, 0x000000041c800000| Untracked 
|  33|0x000000041d000000, 0x000000041d000000, 0x000000041d800000|  0%| F|  |TAMS 0x000000041d000000, 0x000000041d000000| Untracked 
|  34|0x000000041d800000, 0x000000041d800000, 0x000000041e000000|  0%| F|  |TAMS 0x000000041d800000, 0x000000041d800000| Untracked 
|  35|0x000000041e000000, 0x000000041e000000, 0x000000041e800000|  0%| F|  |TAMS 0x000000041e000000, 0x000000041e000000| Untracked 
|  36|0x000000041e800000, 0x000000041e800000, 0x000000041f000000|  0%| F|  |TAMS 0x000000041e800000, 0x000000041e800000| Untracked 
|  37|0x000000041f000000, 0x000000041f000000, 0x000000041f800000|  0%| F|  |TAMS 0x000000041f000000, 0x000000041f000000| Untracked 
|  38|0x000000041f800000, 0x000000041f800000, 0x0000000420000000|  0%| F|  |TAMS 0x000000041f800000, 0x000000041f800000| Untracked 
|  39|0x0000000420000000, 0x0000000420000000, 0x0000000420800000|  0%| F|  |TAMS 0x0000000420000000, 0x0000000420000000| Untracked 
|  40|0x0000000420800000, 0x0000000420800000, 0x0000000421000000|  0%| F|  |TAMS 0x0000000420800000, 0x0000000420800000| Untracked 
|  41|0x0000000421000000, 0x0000000421000000, 0x0000000421800000|  0%| F|  |TAMS 0x0000000421000000, 0x0000000421000000| Untracked 
|  42|0x0000000421800000, 0x0000000421800000, 0x0000000422000000|  0%| F|  |TAMS 0x0000000421800000, 0x0000000421800000| Untracked 
|  43|0x0000000422000000, 0x0000000422000000, 0x0000000422800000|  0%| F|  |TAMS 0x0000000422000000, 0x0000000422000000| Untracked 
|  44|0x0000000422800000, 0x0000000422800000, 0x0000000423000000|  0%| F|  |TAMS 0x0000000422800000, 0x0000000422800000| Untracked 
|  45|0x0000000423000000, 0x0000000423000000, 0x0000000423800000|  0%| F|  |TAMS 0x0000000423000000, 0x0000000423000000| Untracked 
|  46|0x0000000423800000, 0x0000000423800000, 0x0000000424000000|  0%| F|  |TAMS 0x0000000423800000, 0x0000000423800000| Untracked 
|  47|0x0000000424000000, 0x0000000424000000, 0x0000000424800000|  0%| F|  |TAMS 0x0000000424000000, 0x0000000424000000| Untracked 
|  48|0x0000000424800000, 0x0000000424800000, 0x0000000425000000|  0%| F|  |TAMS 0x0000000424800000, 0x0000000424800000| Untracked 
|  49|0x0000000425000000, 0x0000000425000000, 0x0000000425800000|  0%| F|  |TAMS 0x0000000425000000, 0x0000000425000000| Untracked 
|  50|0x0000000425800000, 0x0000000425800000, 0x0000000426000000|  0%| F|  |TAMS 0x0000000425800000, 0x0000000425800000| Untracked 
|  51|0x0000000426000000, 0x0000000426020ba8, 0x0000000426800000|  1%| S|CS|TAMS 0x0000000426000000, 0x0000000426000000| Complete 
|  52|0x0000000426800000, 0x0000000426800000, 0x0000000427000000|  0%| F|  |TAMS 0x0000000426800000, 0x0000000426800000| Untracked 
|  53|0x0000000427000000, 0x0000000427000000, 0x0000000427800000|  0%| F|  |TAMS 0x0000000427000000, 0x0000000427000000| Untracked 
|  54|0x0000000427800000, 0x0000000427800000, 0x0000000428000000|  0%| F|  |TAMS 0x0000000427800000, 0x0000000427800000| Untracked 
|  55|0x0000000428000000, 0x0000000428000000, 0x0000000428800000|  0%| F|  |TAMS 0x0000000428000000, 0x0000000428000000| Untracked 
|  56|0x0000000428800000, 0x0000000428800000, 0x0000000429000000|  0%| F|  |TAMS 0x0000000428800000, 0x0000000428800000| Untracked 
|  57|0x0000000429000000, 0x0000000429000000, 0x0000000429800000|  0%| F|  |TAMS 0x0000000429000000, 0x0000000429000000| Untracked 
|  58|0x0000000429800000, 0x0000000429800000, 0x000000042a000000|  0%| F|  |TAMS 0x0000000429800000, 0x0000000429800000| Untracked 
|  59|0x000000042a000000, 0x000000042a000000, 0x000000042a800000|  0%| F|  |TAMS 0x000000042a000000, 0x000000042a000000| Untracked 
|  60|0x000000042a800000, 0x000000042a800000, 0x000000042b000000|  0%| F|  |TAMS 0x000000042a800000, 0x000000042a800000| Untracked 
|  61|0x000000042b000000, 0x000000042b000000, 0x000000042b800000|  0%| F|  |TAMS 0x000000042b000000, 0x000000042b000000| Untracked 
|  62|0x000000042b800000, 0x000000042b800000, 0x000000042c000000|  0%| F|  |TAMS 0x000000042b800000, 0x000000042b800000| Untracked 
|  63|0x000000042c000000, 0x000000042c000000, 0x000000042c800000|  0%| F|  |TAMS 0x000000042c000000, 0x000000042c000000| Untracked 
|  64|0x000000042c800000, 0x000000042c800000, 0x000000042d000000|  0%| F|  |TAMS 0x000000042c800000, 0x000000042c800000| Untracked 
|  65|0x000000042d000000, 0x000000042d000000, 0x000000042d800000|  0%| F|  |TAMS 0x000000042d000000, 0x000000042d000000| Untracked 
|  66|0x000000042d800000, 0x000000042d800000, 0x000000042e000000|  0%| F|  |TAMS 0x000000042d800000, 0x000000042d800000| Untracked 
|  67|0x000000042e000000, 0x000000042e000000, 0x000000042e800000|  0%| F|  |TAMS 0x000000042e000000, 0x000000042e000000| Untracked 
|  68|0x000000042e800000, 0x000000042e800000, 0x000000042f000000|  0%| F|  |TAMS 0x000000042e800000, 0x000000042e800000| Untracked 
|  69|0x000000042f000000, 0x000000042f000000, 0x000000042f800000|  0%| F|  |TAMS 0x000000042f000000, 0x000000042f000000| Untracked 
|  70|0x000000042f800000, 0x000000042f800000, 0x0000000430000000|  0%| F|  |TAMS 0x000000042f800000, 0x000000042f800000| Untracked 
|  71|0x0000000430000000, 0x0000000430000000, 0x0000000430800000|  0%| F|  |TAMS 0x0000000430000000, 0x0000000430000000| Untracked 
|  72|0x0000000430800000, 0x0000000430800000, 0x0000000431000000|  0%| F|  |TAMS 0x0000000430800000, 0x0000000430800000| Untracked 
|  73|0x0000000431000000, 0x0000000431000000, 0x0000000431800000|  0%| F|  |TAMS 0x0000000431000000, 0x0000000431000000| Untracked 
|  74|0x0000000431800000, 0x0000000431800000, 0x0000000432000000|  0%| F|  |TAMS 0x0000000431800000, 0x0000000431800000| Untracked 
|  75|0x0000000432000000, 0x0000000432000000, 0x0000000432800000|  0%| F|  |TAMS 0x0000000432000000, 0x0000000432000000| Untracked 
|  76|0x0000000432800000, 0x0000000432800000, 0x0000000433000000|  0%| F|  |TAMS 0x0000000432800000, 0x0000000432800000| Untracked 
|  77|0x0000000433000000, 0x0000000433000000, 0x0000000433800000|  0%| F|  |TAMS 0x0000000433000000, 0x0000000433000000| Untracked 
|  78|0x0000000433800000, 0x0000000433800000, 0x0000000434000000|  0%| F|  |TAMS 0x0000000433800000, 0x0000000433800000| Untracked 
|  79|0x0000000434000000, 0x0000000434000000, 0x0000000434800000|  0%| F|  |TAMS 0x0000000434000000, 0x0000000434000000| Untracked 
|  80|0x0000000434800000, 0x0000000434800000, 0x0000000435000000|  0%| F|  |TAMS 0x0000000434800000, 0x0000000434800000| Untracked 
|  81|0x0000000435000000, 0x0000000435800000, 0x0000000435800000|100%| E|  |TAMS 0x0000000435000000, 0x0000000435000000| Complete 
|  82|0x0000000435800000, 0x0000000436000000, 0x0000000436000000|100%| E|CS|TAMS 0x0000000435800000, 0x0000000435800000| Complete 
|  83|0x0000000436000000, 0x0000000436800000, 0x0000000436800000|100%| E|CS|TAMS 0x0000000436000000, 0x0000000436000000| Complete 
|  84|0x0000000436800000, 0x0000000437000000, 0x0000000437000000|100%| E|CS|TAMS 0x0000000436800000, 0x0000000436800000| Complete 
|  85|0x0000000437000000, 0x0000000437800000, 0x0000000437800000|100%| E|CS|TAMS 0x0000000437000000, 0x0000000437000000| Complete 
|  86|0x0000000437800000, 0x0000000438000000, 0x0000000438000000|100%| E|CS|TAMS 0x0000000437800000, 0x0000000437800000| Complete 
|  87|0x0000000438000000, 0x0000000438800000, 0x0000000438800000|100%| E|CS|TAMS 0x0000000438000000, 0x0000000438000000| Complete 
|  88|0x0000000438800000, 0x0000000439000000, 0x0000000439000000|100%| E|CS|TAMS 0x0000000438800000, 0x0000000438800000| Complete 
|  89|0x0000000439000000, 0x0000000439800000, 0x0000000439800000|100%| E|CS|TAMS 0x0000000439000000, 0x0000000439000000| Complete 
|  90|0x0000000439800000, 0x000000043a000000, 0x000000043a000000|100%| E|CS|TAMS 0x0000000439800000, 0x0000000439800000| Complete 
|  91|0x000000043a000000, 0x000000043a800000, 0x000000043a800000|100%| E|CS|TAMS 0x000000043a000000, 0x000000043a000000| Complete 
|  92|0x000000043a800000, 0x000000043b000000, 0x000000043b000000|100%| E|CS|TAMS 0x000000043a800000, 0x000000043a800000| Complete 
|  93|0x000000043b000000, 0x000000043b800000, 0x000000043b800000|100%| E|CS|TAMS 0x000000043b000000, 0x000000043b000000| Complete 
|  94|0x000000043b800000, 0x000000043c000000, 0x000000043c000000|100%| E|CS|TAMS 0x000000043b800000, 0x000000043b800000| Complete 
|  95|0x000000043c000000, 0x000000043c800000, 0x000000043c800000|100%| E|CS|TAMS 0x000000043c000000, 0x000000043c000000| Complete 
|  96|0x000000043c800000, 0x000000043d000000, 0x000000043d000000|100%| E|CS|TAMS 0x000000043c800000, 0x000000043c800000| Complete 
|  97|0x000000043d000000, 0x000000043d800000, 0x000000043d800000|100%| E|CS|TAMS 0x000000043d000000, 0x000000043d000000| Complete 
|  98|0x000000043d800000, 0x000000043e000000, 0x000000043e000000|100%| E|CS|TAMS 0x000000043d800000, 0x000000043d800000| Complete 
|  99|0x000000043e000000, 0x000000043e800000, 0x000000043e800000|100%| E|CS|TAMS 0x000000043e000000, 0x000000043e000000| Complete 
| 100|0x000000043e800000, 0x000000043f000000, 0x000000043f000000|100%| E|CS|TAMS 0x000000043e800000, 0x000000043e800000| Complete 
| 101|0x000000043f000000, 0x000000043f800000, 0x000000043f800000|100%| E|CS|TAMS 0x000000043f000000, 0x000000043f000000| Complete 
| 102|0x000000043f800000, 0x0000000440000000, 0x0000000440000000|100%| E|CS|TAMS 0x000000043f800000, 0x000000043f800000| Complete 
| 103|0x0000000440000000, 0x0000000440800000, 0x0000000440800000|100%| E|CS|TAMS 0x0000000440000000, 0x0000000440000000| Complete 
| 104|0x0000000440800000, 0x0000000441000000, 0x0000000441000000|100%| E|CS|TAMS 0x0000000440800000, 0x0000000440800000| Complete 
| 105|0x0000000441000000, 0x0000000441800000, 0x0000000441800000|100%| E|CS|TAMS 0x0000000441000000, 0x0000000441000000| Complete 
| 106|0x0000000441800000, 0x0000000442000000, 0x0000000442000000|100%| E|CS|TAMS 0x0000000441800000, 0x0000000441800000| Complete 
| 107|0x0000000442000000, 0x0000000442800000, 0x0000000442800000|100%| E|CS|TAMS 0x0000000442000000, 0x0000000442000000| Complete 
| 108|0x0000000442800000, 0x0000000443000000, 0x0000000443000000|100%| E|CS|TAMS 0x0000000442800000, 0x0000000442800000| Complete 
| 109|0x0000000443000000, 0x0000000443800000, 0x0000000443800000|100%| E|CS|TAMS 0x0000000443000000, 0x0000000443000000| Complete 
| 110|0x0000000443800000, 0x0000000444000000, 0x0000000444000000|100%| E|CS|TAMS 0x0000000443800000, 0x0000000443800000| Complete 
| 111|0x0000000444000000, 0x0000000444800000, 0x0000000444800000|100%| E|CS|TAMS 0x0000000444000000, 0x0000000444000000| Complete 
| 112|0x0000000444800000, 0x0000000445000000, 0x0000000445000000|100%| E|CS|TAMS 0x0000000444800000, 0x0000000444800000| Complete 
| 113|0x0000000445000000, 0x0000000445800000, 0x0000000445800000|100%| E|CS|TAMS 0x0000000445000000, 0x0000000445000000| Complete 
| 114|0x0000000445800000, 0x0000000446000000, 0x0000000446000000|100%| E|CS|TAMS 0x0000000445800000, 0x0000000445800000| Complete 
| 115|0x0000000446000000, 0x0000000446800000, 0x0000000446800000|100%| E|CS|TAMS 0x0000000446000000, 0x0000000446000000| Complete 
| 116|0x0000000446800000, 0x0000000447000000, 0x0000000447000000|100%| E|CS|TAMS 0x0000000446800000, 0x0000000446800000| Complete 
| 117|0x0000000447000000, 0x0000000447800000, 0x0000000447800000|100%| E|CS|TAMS 0x0000000447000000, 0x0000000447000000| Complete 
| 118|0x0000000447800000, 0x0000000448000000, 0x0000000448000000|100%| E|CS|TAMS 0x0000000447800000, 0x0000000447800000| Complete 
| 119|0x0000000448000000, 0x0000000448800000, 0x0000000448800000|100%| E|CS|TAMS 0x0000000448000000, 0x0000000448000000| Complete 
| 120|0x0000000448800000, 0x0000000449000000, 0x0000000449000000|100%| E|CS|TAMS 0x0000000448800000, 0x0000000448800000| Complete 
| 121|0x0000000449000000, 0x0000000449800000, 0x0000000449800000|100%| E|CS|TAMS 0x0000000449000000, 0x0000000449000000| Complete 
| 122|0x0000000449800000, 0x000000044a000000, 0x000000044a000000|100%| E|CS|TAMS 0x0000000449800000, 0x0000000449800000| Complete 
| 123|0x000000044a000000, 0x000000044a800000, 0x000000044a800000|100%| E|CS|TAMS 0x000000044a000000, 0x000000044a000000| Complete 
| 124|0x000000044a800000, 0x000000044b000000, 0x000000044b000000|100%| E|CS|TAMS 0x000000044a800000, 0x000000044a800000| Complete 
| 125|0x000000044b000000, 0x000000044b800000, 0x000000044b800000|100%| E|CS|TAMS 0x000000044b000000, 0x000000044b000000| Complete 
| 126|0x000000044b800000, 0x000000044c000000, 0x000000044c000000|100%| E|CS|TAMS 0x000000044b800000, 0x000000044b800000| Complete 

Card table byte_map: [0x0000024f01fa0000,0x0000024f03f40000] _byte_map_base: 0x0000024efff3c000

Marking Bits (Prev, Next): (CMBitMap*) 0x0000024f68855720, (CMBitMap*) 0x0000024f68855760
 Prev Bits: [0x0000024f05ee0000, 0x0000024f15bc0000)
 Next Bits: [0x0000024f15bc0000, 0x0000024f258a0000)

Polling page: 0x0000024f66500000

Metaspace:

Usage:
  Non-class:      9.50 MB used.
      Class:      1.18 MB used.
       Both:     10.67 MB used.

Virtual space:
  Non-class space:       16.00 MB reserved,       9.62 MB ( 60%) committed,  2 nodes.
      Class space:        1.00 GB reserved,       1.31 MB ( <1%) committed,  1 nodes.
             Both:        1.02 GB reserved,      10.94 MB (  1%) committed. 

Chunk freelists:
   Non-Class:  2.42 MB
       Class:  2.67 MB
        Both:  5.09 MB

MaxMetaspaceSize: unlimited
CompressedClassSpaceSize: 1.00 GB
Initial GC threshold: 21.00 MB
Current GC threshold: 21.00 MB
CDS: on
MetaspaceReclaimPolicy: balanced
 - commit_granule_bytes: 65536.
 - commit_granule_words: 8192.
 - virtual_space_node_default_size: 1048576.
 - enlarge_chunks_in_place: 1.
 - new_chunks_are_fully_committed: 0.
 - uncommit_free_chunks: 1.
 - use_allocation_guard: 0.
 - handle_deallocations: 1.


Internal statistics:

num_allocs_failed_limit: 0.
num_arena_births: 128.
num_arena_deaths: 0.
num_vsnodes_births: 3.
num_vsnodes_deaths: 0.
num_space_committed: 175.
num_space_uncommitted: 0.
num_chunks_returned_to_freelist: 0.
num_chunks_taken_from_freelist: 321.
num_chunk_merges: 0.
num_chunk_splits: 225.
num_chunks_enlarged: 168.
num_purges: 0.
num_inconsistent_stats: 0.

CodeHeap 'non-profiled nmethods': size=119168Kb used=1176Kb max_used=1176Kb free=117991Kb
 bounds [0x0000024f77b90000, 0x0000024f77e00000, 0x0000024f7eff0000]
CodeHeap 'profiled nmethods': size=119104Kb used=3988Kb max_used=3988Kb free=115115Kb
 bounds [0x0000024f70740000, 0x0000024f70b30000, 0x0000024f77b90000]
CodeHeap 'non-nmethods': size=7488Kb used=1283Kb max_used=3031Kb free=6204Kb
 bounds [0x0000024f6fff0000, 0x0000024f702f0000, 0x0000024f70740000]
 total_blobs=2539 nmethods=2031 adapters=421
 compilation: enabled
              stopped_count=0, restarted_count=0
 full_count=0

Compilation events (20 events):
Event: 17.633 Thread 0x0000024f28251520 nmethod 2021 0x0000024f70b1ff90 code [0x0000024f70b20120, 0x0000024f70b202f8]
Event: 17.633 Thread 0x0000024f2835ffe0 nmethod 2022 0x0000024f70b20390 code [0x0000024f70b20520, 0x0000024f70b206d8]
Event: 17.633 Thread 0x0000024f28251520 2023       3       java.util.Formatter$FormatSpecifier::checkInteger (91 bytes)
Event: 17.633 Thread 0x0000024f2835ffe0 2024       3       java.util.Formatter$FormatSpecifier::checkNumeric (168 bytes)
Event: 17.634 Thread 0x0000024f28251520 nmethod 2023 0x0000024f70b20790 code [0x0000024f70b209e0, 0x0000024f70b21428]
Event: 17.634 Thread 0x0000024f2835ffe0 nmethod 2024 0x0000024f70b21690 code [0x0000024f70b21960, 0x0000024f70b225f8]
Event: 18.217 Thread 0x0000024f28251520 2027       3       java.lang.invoke.AbstractValidatingLambdaMetafactory::isAdaptableTo (126 bytes)
Event: 18.218 Thread 0x0000024f28251520 nmethod 2027 0x0000024f70b22a90 code [0x0000024f70b22d20, 0x0000024f70b237a8]
Event: 18.218 Thread 0x0000024f28251520 2028       3       java.lang.invoke.MethodHandleNatives::isCallerSensitive (29 bytes)
Event: 18.218 Thread 0x0000024f28251520 nmethod 2028 0x0000024f70b23c10 code [0x0000024f70b23e00, 0x0000024f70b24388]
Event: 18.218 Thread 0x0000024f28251520 2029       3       java.lang.invoke.MethodHandleNatives::canBeCalledVirtual (50 bytes)
Event: 18.218 Thread 0x0000024f28251520 nmethod 2029 0x0000024f70b24590 code [0x0000024f70b24780, 0x0000024f70b24c68]
Event: 18.218 Thread 0x0000024f28251520 2030       1       java.lang.reflect.Constructor::getRoot (5 bytes)
Event: 18.218 Thread 0x0000024f28251520 nmethod 2030 0x0000024f77cb5a10 code [0x0000024f77cb5ba0, 0x0000024f77cb5c78]
Event: 18.218 Thread 0x0000024f2823edc0 2031       4       jdk.internal.org.objectweb.asm.ClassReader::readUnsignedShort (26 bytes)
Event: 18.219 Thread 0x0000024f28251520 2032       3       java.lang.invoke.MethodHandleNatives::findMethodHandleType (7 bytes)
Event: 18.219 Thread 0x0000024f28251520 nmethod 2032 0x0000024f70b24e10 code [0x0000024f70b24fa0, 0x0000024f70b250c8]
Event: 18.219 Thread 0x0000024f2823edc0 nmethod 2031 0x0000024f77cb5d10 code [0x0000024f77cb5e80, 0x0000024f77cb5f78]
Event: 18.219 Thread 0x0000024f2823edc0 2033       4       java.io.ObjectStreamClass::requireInitialized (19 bytes)
Event: 18.220 Thread 0x0000024f2823edc0 nmethod 2033 0x0000024f77cb6090 code [0x0000024f77cb6200, 0x0000024f77cb6298]

GC Heap History (20 events):
Event: 13.304 GC heap before
{Heap before GC invocations=1 (full 0):
 garbage-first heap   total 1040384K, used 48560K [0x000000040c800000, 0x0000000800000000)
  region size 8192K, 6 young (49152K), 1 survivors (8192K)
 Metaspace       used 10687K, committed 10880K, reserved 1064960K
  class space    used 1189K, committed 1280K, reserved 1048576K
}
Event: 13.307 GC heap after
{Heap after GC invocations=2 (full 0):
 garbage-first heap   total 1040384K, used 8190K [0x000000040c800000, 0x0000000800000000)
  region size 8192K, 1 young (8192K), 1 survivors (8192K)
 Metaspace       used 10687K, committed 10880K, reserved 1064960K
  class space    used 1189K, committed 1280K, reserved 1048576K
}
Event: 13.440 GC heap before
{Heap before GC invocations=2 (full 0):
 garbage-first heap   total 1040384K, used 122878K [0x000000040c800000, 0x0000000800000000)
  region size 8192K, 15 young (122880K), 1 survivors (8192K)
 Metaspace       used 10690K, committed 10880K, reserved 1064960K
  class space    used 1189K, committed 1280K, reserved 1048576K
}
Event: 13.441 GC heap after
{Heap after GC invocations=3 (full 0):
 garbage-first heap   total 1040384K, used 7533K [0x000000040c800000, 0x0000000800000000)
  region size 8192K, 1 young (8192K), 1 survivors (8192K)
 Metaspace       used 10690K, committed 10880K, reserved 1064960K
  class space    used 1189K, committed 1280K, reserved 1048576K
}
Event: 14.020 GC heap before
{Heap before GC invocations=3 (full 0):
 garbage-first heap   total 1040384K, used 621933K [0x000000040c800000, 0x0000000800000000)
  region size 8192K, 76 young (622592K), 1 survivors (8192K)
 Metaspace       used 10703K, committed 10880K, reserved 1064960K
  class space    used 1189K, committed 1280K, reserved 1048576K
}
Event: 14.022 GC heap after
{Heap after GC invocations=4 (full 0):
 garbage-first heap   total 1040384K, used 7481K [0x000000040c800000, 0x0000000800000000)
  region size 8192K, 1 young (8192K), 1 survivors (8192K)
 Metaspace       used 10703K, committed 10880K, reserved 1064960K
  class space    used 1189K, committed 1280K, reserved 1048576K
}
Event: 14.531 GC heap before
{Heap before GC invocations=4 (full 0):
 garbage-first heap   total 1040384K, used 621881K [0x000000040c800000, 0x0000000800000000)
  region size 8192K, 76 young (622592K), 1 survivors (8192K)
 Metaspace       used 10761K, committed 10944K, reserved 1064960K
  class space    used 1191K, committed 1280K, reserved 1048576K
}
Event: 14.533 GC heap after
{Heap after GC invocations=5 (full 0):
 garbage-first heap   total 1040384K, used 7505K [0x000000040c800000, 0x0000000800000000)
  region size 8192K, 1 young (8192K), 1 survivors (8192K)
 Metaspace       used 10761K, committed 10944K, reserved 1064960K
  class space    used 1191K, committed 1280K, reserved 1048576K
}
Event: 15.039 GC heap before
{Heap before GC invocations=5 (full 0):
 garbage-first heap   total 1040384K, used 621905K [0x000000040c800000, 0x0000000800000000)
  region size 8192K, 76 young (622592K), 1 survivors (8192K)
 Metaspace       used 10778K, committed 10944K, reserved 1064960K
  class space    used 1191K, committed 1280K, reserved 1048576K
}
Event: 15.041 GC heap after
{Heap after GC invocations=6 (full 0):
 garbage-first heap   total 1040384K, used 7508K [0x000000040c800000, 0x0000000800000000)
  region size 8192K, 1 young (8192K), 1 survivors (8192K)
 Metaspace       used 10778K, committed 10944K, reserved 1064960K
  class space    used 1191K, committed 1280K, reserved 1048576K
}
Event: 15.534 GC heap before
{Heap before GC invocations=6 (full 0):
 garbage-first heap   total 1040384K, used 621908K [0x000000040c800000, 0x0000000800000000)
  region size 8192K, 76 young (622592K), 1 survivors (8192K)
 Metaspace       used 10787K, committed 10944K, reserved 1064960K
  class space    used 1191K, committed 1280K, reserved 1048576K
}
Event: 15.536 GC heap after
{Heap after GC invocations=7 (full 0):
 garbage-first heap   total 1040384K, used 7511K [0x000000040c800000, 0x0000000800000000)
  region size 8192K, 1 young (8192K), 1 survivors (8192K)
 Metaspace       used 10787K, committed 10944K, reserved 1064960K
  class space    used 1191K, committed 1280K, reserved 1048576K
}
Event: 16.046 GC heap before
{Heap before GC invocations=7 (full 0):
 garbage-first heap   total 1040384K, used 621911K [0x000000040c800000, 0x0000000800000000)
  region size 8192K, 76 young (622592K), 1 survivors (8192K)
 Metaspace       used 10793K, committed 10944K, reserved 1064960K
  class space    used 1191K, committed 1280K, reserved 1048576K
}
Event: 16.048 GC heap after
{Heap after GC invocations=8 (full 0):
 garbage-first heap   total 1040384K, used 7505K [0x000000040c800000, 0x0000000800000000)
  region size 8192K, 1 young (8192K), 1 survivors (8192K)
 Metaspace       used 10793K, committed 10944K, reserved 1064960K
  class space    used 1191K, committed 1280K, reserved 1048576K
}
Event: 16.533 GC heap before
{Heap before GC invocations=8 (full 0):
 garbage-first heap   total 1040384K, used 621905K [0x000000040c800000, 0x0000000800000000)
  region size 8192K, 76 young (622592K), 1 survivors (8192K)
 Metaspace       used 10826K, committed 11008K, reserved 1064960K
  class space    used 1191K, committed 1280K, reserved 1048576K
}
Event: 16.534 GC heap after
{Heap after GC invocations=9 (full 0):
 garbage-first heap   total 1040384K, used 7510K [0x000000040c800000, 0x0000000800000000)
  region size 8192K, 1 young (8192K), 1 survivors (8192K)
 Metaspace       used 10826K, committed 11008K, reserved 1064960K
  class space    used 1191K, committed 1280K, reserved 1048576K
}
Event: 17.014 GC heap before
{Heap before GC invocations=9 (full 0):
 garbage-first heap   total 1040384K, used 621910K [0x000000040c800000, 0x0000000800000000)
  region size 8192K, 76 young (622592K), 1 survivors (8192K)
 Metaspace       used 10826K, committed 11008K, reserved 1064960K
  class space    used 1191K, committed 1280K, reserved 1048576K
}
Event: 17.016 GC heap after
{Heap after GC invocations=10 (full 0):
 garbage-first heap   total 1040384K, used 7511K [0x000000040c800000, 0x0000000800000000)
  region size 8192K, 1 young (8192K), 1 survivors (8192K)
 Metaspace       used 10826K, committed 11008K, reserved 1064960K
  class space    used 1191K, committed 1280K, reserved 1048576K
}
Event: 17.503 GC heap before
{Heap before GC invocations=10 (full 0):
 garbage-first heap   total 1040384K, used 621911K [0x000000040c800000, 0x0000000800000000)
  region size 8192K, 76 young (622592K), 1 survivors (8192K)
 Metaspace       used 10830K, committed 11008K, reserved 1064960K
  class space    used 1191K, committed 1280K, reserved 1048576K
}
Event: 17.504 GC heap after
{Heap after GC invocations=11 (full 0):
 garbage-first heap   total 1040384K, used 7507K [0x000000040c800000, 0x0000000800000000)
  region size 8192K, 1 young (8192K), 1 survivors (8192K)
 Metaspace       used 10830K, committed 11008K, reserved 1064960K
  class space    used 1191K, committed 1280K, reserved 1048576K
}

Deoptimization events (20 events):
Event: 17.811 Thread 0x0000024f6879bf30 Uncommon trap: trap_request=0xffffff45 fr.pc=0x0000024f77caa664 relative=0x0000000000001144
Event: 17.811 Thread 0x0000024f6879bf30 Uncommon trap: reason=unstable_if action=reinterpret pc=0x0000024f77caa664 method=java.util.zip.Inflater.needsInput()Z @ 24 c2
Event: 17.811 Thread 0x0000024f6879bf30 DEOPT PACKING pc=0x0000024f77caa664 sp=0x000000c29d0ff110
Event: 17.811 Thread 0x0000024f6879bf30 DEOPT UNPACKING pc=0x0000024f70045c23 sp=0x000000c29d0fef78 mode 2
Event: 17.811 Thread 0x0000024f6879bf30 Uncommon trap: trap_request=0xffffff45 fr.pc=0x0000024f77c8aa08 relative=0x0000000000000208
Event: 17.811 Thread 0x0000024f6879bf30 Uncommon trap: reason=unstable_if action=reinterpret pc=0x0000024f77c8aa08 method=java.util.zip.Inflater.needsInput()Z @ 24 c2
Event: 17.811 Thread 0x0000024f6879bf30 DEOPT PACKING pc=0x0000024f77c8aa08 sp=0x000000c29d0fefc0
Event: 17.811 Thread 0x0000024f6879bf30 DEOPT UNPACKING pc=0x0000024f70045c23 sp=0x000000c29d0fef70 mode 2
Event: 17.811 Thread 0x0000024f6879bf30 Uncommon trap: trap_request=0xffffff45 fr.pc=0x0000024f77ca3784 relative=0x0000000000000f44
Event: 17.811 Thread 0x0000024f6879bf30 Uncommon trap: reason=unstable_if action=reinterpret pc=0x0000024f77ca3784 method=sun.nio.cs.StreamDecoder.readBytes()I @ 124 c2
Event: 17.811 Thread 0x0000024f6879bf30 DEOPT PACKING pc=0x0000024f77ca3784 sp=0x000000c29d0ff1d0
Event: 17.811 Thread 0x0000024f6879bf30 DEOPT UNPACKING pc=0x0000024f70045c23 sp=0x000000c29d0ff058 mode 2
Event: 17.811 Thread 0x0000024f6879bf30 Uncommon trap: trap_request=0xffffff45 fr.pc=0x0000024f77c517ac relative=0x000000000000154c
Event: 17.811 Thread 0x0000024f6879bf30 Uncommon trap: reason=unstable_if action=reinterpret pc=0x0000024f77c517ac method=java.io.BufferedReader.readLine(Z[Z)Ljava/lang/String; @ 63 c2
Event: 17.811 Thread 0x0000024f6879bf30 DEOPT PACKING pc=0x0000024f77c517ac sp=0x000000c29d0ff2f0
Event: 17.811 Thread 0x0000024f6879bf30 DEOPT UNPACKING pc=0x0000024f70045c23 sp=0x000000c29d0ff2b8 mode 2
Event: 18.219 Thread 0x0000024f6879bf30 Uncommon trap: trap_request=0xffffff76 fr.pc=0x0000024f77c416c4 relative=0x0000000000000224
Event: 18.219 Thread 0x0000024f6879bf30 Uncommon trap: reason=predicate action=maybe_recompile pc=0x0000024f77c416c4 method=java.util.Arrays.fill([Ljava/lang/Object;IILjava/lang/Object;)V @ 13 c2
Event: 18.219 Thread 0x0000024f6879bf30 DEOPT PACKING pc=0x0000024f77c416c4 sp=0x000000c29d0ff080
Event: 18.219 Thread 0x0000024f6879bf30 DEOPT UNPACKING pc=0x0000024f70045c23 sp=0x000000c29d0ff050 mode 2

Classes unloaded (0 events):
No events

Classes redefined (0 events):
No events

Internal exceptions (16 events):
Event: 4.476 Thread 0x0000024f6879bf30 Exception <a 'java/lang/NoSuchMethodError'{0x000000044b785a30}: 'void java.lang.invoke.DirectMethodHandle$Holder.invokeStatic(java.lang.Object, java.lang.Object, java.lang.Object)'> (0x000000044b785a30) 
thrown [t:\workspace\open\src\hotspot\share\interpreter\linkResolver.cpp, line 766]
Event: 4.481 Thread 0x0000024f6879bf30 Exception <a 'java/lang/NoSuchMethodError'{0x000000044b7e3a00}: 'void java.lang.invoke.DirectMethodHandle$Holder.invokeSpecial(java.lang.Object, java.lang.Object, java.lang.Object, java.lang.Object, java.lang.Object)'> (0x000000044b7e3a00) 
thrown [t:\workspace\open\src\hotspot\share\interpreter\linkResolver.cpp, line 766]
Event: 4.511 Thread 0x0000024f6879bf30 Exception <a 'java/lang/NoSuchMethodError'{0x000000044a9f3218}: 'java.lang.Object java.lang.invoke.DirectMethodHandle$Holder.invokeStaticInit(java.lang.Object)'> (0x000000044a9f3218) 
thrown [t:\workspace\open\src\hotspot\share\interpreter\linkResolver.cpp, line 766]
Event: 4.517 Thread 0x0000024f6879bf30 Exception <a 'java/lang/NoSuchMethodError'{0x000000044aa49d58}: 'int java.lang.invoke.DirectMethodHandle$Holder.invokeSpecial(java.lang.Object, java.lang.Object, java.lang.Object)'> (0x000000044aa49d58) 
thrown [t:\workspace\open\src\hotspot\share\interpreter\linkResolver.cpp, line 766]
Event: 4.532 Thread 0x0000024f6879bf30 Exception <a 'java/lang/NoSuchMethodError'{0x000000044ab6b5b8}: 'void java.lang.invoke.DirectMethodHandle$Holder.invokeStatic(java.lang.Object, java.lang.Object, java.lang.Object, java.lang.Object)'> (0x000000044ab6b5b8) 
thrown [t:\workspace\open\src\hotspot\share\interpreter\linkResolver.cpp, line 766]
Event: 4.533 Thread 0x0000024f6879bf30 Exception <a 'java/lang/NoSuchMethodError'{0x000000044ab6f260}: 'void java.lang.invoke.DirectMethodHandle$Holder.invokeStaticInit(java.lang.Object, java.lang.Object, java.lang.Object, java.lang.Object)'> (0x000000044ab6f260) 
thrown [t:\workspace\open\src\hotspot\share\interpreter\linkResolver.cpp, line 766]
Event: 4.557 Thread 0x0000024f6879bf30 Exception <a 'java/lang/NoSuchMethodError'{0x000000044ad18078}: 'java.lang.Object java.lang.invoke.DirectMethodHandle$Holder.invokeInterface(java.lang.Object, java.lang.Object)'> (0x000000044ad18078) 
thrown [t:\workspace\open\src\hotspot\share\interpreter\linkResolver.cpp, line 766]
Event: 4.620 Thread 0x0000024f6879bf30 Exception <a 'java/lang/NoSuchMethodError'{0x000000044a5a4ce8}: 'java.lang.Object java.lang.invoke.DirectMethodHandle$Holder.newInvokeSpecial(java.lang.Object, long, int, java.lang.Object)'> (0x000000044a5a4ce8) 
thrown [t:\workspace\open\src\hotspot\share\interpreter\linkResolver.cpp, line 766]
Event: 4.691 Thread 0x0000024f6879bf30 Exception <a 'java/lang/NoSuchMethodError'{0x0000000449c41c50}: 'java.lang.Object java.lang.invoke.Invokers$Holder.invokeExact_MT(java.lang.Object, java.lang.Object, java.lang.Object, java.lang.Object, java.lang.Object, java.lang.Object)'> (0x0000000449c41c50) 
thrown [t:\workspace\open\src\hotspot\share\interpreter\linkResolver.cpp, line 766]
Event: 4.700 Thread 0x0000024f6879bf30 Exception <a 'java/lang/NoSuchMethodError'{0x0000000449ce6ed8}: 'int java.lang.invoke.DirectMethodHandle$Holder.invokeInterface(java.lang.Object, java.lang.Object)'> (0x0000000449ce6ed8) 
thrown [t:\workspace\open\src\hotspot\share\interpreter\linkResolver.cpp, line 766]
Event: 4.700 Thread 0x0000024f6879bf30 Exception <a 'java/lang/IncompatibleClassChangeError'{0x0000000449cea3c0}: Found class java.lang.Object, but interface was expected> (0x0000000449cea3c0) 
thrown [t:\workspace\open\src\hotspot\share\interpreter\linkResolver.cpp, line 833]
Event: 4.701 Thread 0x0000024f6879bf30 Exception <a 'java/lang/NoSuchMethodError'{0x0000000449cf0588}: 'void java.lang.invoke.DirectMethodHandle$Holder.invokeStatic(java.lang.Object, java.lang.Object)'> (0x0000000449cf0588) 
thrown [t:\workspace\open\src\hotspot\share\interpreter\linkResolver.cpp, line 766]
Event: 8.106 Thread 0x0000024f6879bf30 Exception <a 'java/io/IOException'{0x00000004493ad378}: CreateProcess error=2, The system cannot find the file specified> (0x00000004493ad378) 
thrown [t:\workspace\open\src\hotspot\share\prims\jni.cpp, line 535]
Event: 8.115 Thread 0x0000024f6879bf30 Exception <a 'java/lang/NoSuchMethodError'{0x000000044942da78}: 'java.lang.Object java.lang.invoke.DirectMethodHandle$Holder.invokeStaticInit(java.lang.Object, int, int, int, int)'> (0x000000044942da78) 
thrown [t:\workspace\open\src\hotspot\share\interpreter\linkResolver.cpp, line 766]
Event: 8.139 Thread 0x0000024f6879bf30 Exception <a 'java/lang/NoSuchMethodError'{0x0000000449553c50}: 'java.lang.Object java.lang.invoke.DirectMethodHandle$Holder.invokeStaticInit(java.lang.Object, java.lang.Object, int, int, int, int)'> (0x0000000449553c50) 
thrown [t:\workspace\open\src\hotspot\share\interpreter\linkResolver.cpp, line 766]
Event: 13.230 Thread 0x0000024f6879bf30 Exception <a 'java/lang/NoSuchMethodError'{0x000000044b85f9c8}: static [F.<clinit>()V> (0x000000044b85f9c8) 
thrown [t:\workspace\open\src\hotspot\share\prims\jni.cpp, line 1107]

VM Operations (20 events):
Event: 136.672 Executing VM operation: get/set locals
Event: 136.672 Executing VM operation: get/set locals done
Event: 142.625 Executing VM operation: get/set locals
Event: 142.625 Executing VM operation: get/set locals done
Event: 156.638 Executing VM operation: get/set locals
Event: 156.638 Executing VM operation: get/set locals done
Event: 156.638 Executing VM operation: get/set locals
Event: 156.638 Executing VM operation: get/set locals done
Event: 156.638 Executing VM operation: get/set locals
Event: 156.638 Executing VM operation: get/set locals done
Event: 161.235 Executing VM operation: get/set locals
Event: 161.235 Executing VM operation: get/set locals done
Event: 174.558 Executing VM operation: get/set locals
Event: 174.558 Executing VM operation: get/set locals done
Event: 174.558 Executing VM operation: get/set locals
Event: 174.559 Executing VM operation: get/set locals done
Event: 174.559 Executing VM operation: get/set locals
Event: 174.559 Executing VM operation: get/set locals done
Event: 184.144 Executing VM operation: get/set locals
Event: 184.144 Executing VM operation: get/set locals done

Events (20 events):
Event: 18.218 loading class java/io/ObjectInputStream$HandleTable$HandleList
Event: 18.218 loading class java/io/ObjectInputStream$HandleTable$HandleList done
Event: 18.218 loading class java/io/ObjectInputStream$ValidationList
Event: 18.218 loading class java/io/ObjectInputStream$ValidationList done
Event: 18.218 loading class java/io/ObjectInputFilter$Config
Event: 18.218 loading class java/io/ObjectInputFilter$Config done
Event: 18.219 loading class java/io/ObjectInputFilter$Config$BuiltinFilterFactory
Event: 18.219 loading class java/io/ObjectInputFilter$Config$BuiltinFilterFactory done
Event: 18.219 loading class jdk/internal/access/JavaObjectInputFilterAccess
Event: 18.219 loading class jdk/internal/access/JavaObjectInputFilterAccess done
Event: 18.219 loading class jdk/internal/event/DeserializationEvent
Event: 18.219 loading class jdk/internal/event/Event
Event: 18.219 loading class jdk/internal/event/Event done
Event: 18.219 loading class jdk/internal/event/DeserializationEvent done
Event: 48.691 loading class org/rocksdb/RocksIterator
Event: 48.691 loading class org/rocksdb/RocksIterator done
Event: 48.692 loading class org/rocksdb/AbstractRocksIterator
Event: 48.692 loading class org/rocksdb/AbstractRocksIterator done
Event: 48.693 loading class org/rocksdb/RocksIteratorInterface
Event: 48.693 loading class org/rocksdb/RocksIteratorInterface done


Dynamic libraries:
0x00007ff77e8c0000 - 0x00007ff77e8d0000 	D:\Java\Jdk17.0\bin\java.exe
0x00007ffc3cf90000 - 0x00007ffc3d185000 	C:\Windows\SYSTEM32\ntdll.dll
0x00007ffc3c820000 - 0x00007ffc3c8dd000 	C:\Windows\System32\KERNEL32.DLL
0x00007ffc3ac20000 - 0x00007ffc3aeed000 	C:\Windows\System32\KERNELBASE.dll
0x00007ffc3a710000 - 0x00007ffc3a810000 	C:\Windows\System32\ucrtbase.dll
0x00007ffc33f60000 - 0x00007ffc33f78000 	D:\Java\Jdk17.0\bin\jli.dll
0x00007ffc33410000 - 0x00007ffc3342a000 	D:\Java\Jdk17.0\bin\VCRUNTIME140.dll
0x00007ffc3c5e0000 - 0x00007ffc3c68e000 	C:\Windows\System32\ADVAPI32.dll
0x00007ffc3cc10000 - 0x00007ffc3ccae000 	C:\Windows\System32\msvcrt.dll
0x00007ffc3b100000 - 0x00007ffc3b19c000 	C:\Windows\System32\sechost.dll
0x00007ffc3c8e0000 - 0x00007ffc3ca05000 	C:\Windows\System32\RPCRT4.dll
0x00007ffc3b2b0000 - 0x00007ffc3b450000 	C:\Windows\System32\USER32.dll
0x00007ffc3a9b0000 - 0x00007ffc3a9d2000 	C:\Windows\System32\win32u.dll
0x00007ffc2f4c0000 - 0x00007ffc2f75a000 	C:\Windows\WinSxS\amd64_microsoft.windows.common-controls_6595b64144ccf1df_6.0.19041.1110_none_60b5254171f9507e\COMCTL32.dll
0x00007ffc3c690000 - 0x00007ffc3c6ba000 	C:\Windows\System32\GDI32.dll
0x00007ffc3a810000 - 0x00007ffc3a91b000 	C:\Windows\System32\gdi32full.dll
0x00007ffc3aef0000 - 0x00007ffc3af8d000 	C:\Windows\System32\msvcp_win.dll
0x00007ffc333c0000 - 0x00007ffc333ca000 	C:\Windows\SYSTEM32\VERSION.dll
0x00007ffc3bff0000 - 0x00007ffc3c020000 	C:\Windows\System32\IMM32.DLL
0x00007ffc33400000 - 0x00007ffc3340c000 	D:\Java\Jdk17.0\bin\vcruntime140_1.dll
0x00007ffbf9700000 - 0x00007ffbf978d000 	D:\Java\Jdk17.0\bin\msvcp140.dll
0x00007ffbbc630000 - 0x00007ffbbd1f1000 	D:\Java\Jdk17.0\bin\server\jvm.dll
0x00007ffc3bfe0000 - 0x00007ffc3bfe8000 	C:\Windows\System32\PSAPI.DLL
0x00007ffc1d560000 - 0x00007ffc1d569000 	C:\Windows\SYSTEM32\WSOCK32.dll
0x00007ffc1ad20000 - 0x00007ffc1ad47000 	C:\Windows\SYSTEM32\WINMM.dll
0x00007ffc3cee0000 - 0x00007ffc3cf4b000 	C:\Windows\System32\WS2_32.dll
0x00007ffc38ef0000 - 0x00007ffc38f02000 	C:\Windows\SYSTEM32\kernel.appcore.dll
0x00007ffc32fd0000 - 0x00007ffc32fda000 	D:\Java\Jdk17.0\bin\jimage.dll
0x00007ffc357b0000 - 0x00007ffc35994000 	C:\Windows\SYSTEM32\DBGHELP.DLL
0x00007ffc2fa10000 - 0x00007ffc2fa3c000 	C:\Windows\SYSTEM32\dbgcore.DLL
0x00007ffc3a920000 - 0x00007ffc3a9a2000 	C:\Windows\System32\bcryptPrimitives.dll
0x00007ffc322e0000 - 0x00007ffc3231b000 	D:\Java\Jdk17.0\bin\jdwp.dll
0x00007ffc330d0000 - 0x00007ffc330de000 	D:\Java\Jdk17.0\bin\instrument.dll
0x00007ffc32ed0000 - 0x00007ffc32ef5000 	D:\Java\Jdk17.0\bin\java.dll
0x00007ffc1b9d0000 - 0x00007ffc1b9e8000 	D:\Java\Jdk17.0\bin\zip.dll
0x00007ffbeeb50000 - 0x00007ffbeec26000 	D:\Java\Jdk17.0\bin\jsvml.dll
0x00007ffc3b7b0000 - 0x00007ffc3bef4000 	C:\Windows\System32\SHELL32.dll
0x00007ffc38670000 - 0x00007ffc38e04000 	C:\Windows\SYSTEM32\windows.storage.dll
0x00007ffc3b450000 - 0x00007ffc3b7a4000 	C:\Windows\System32\combase.dll
0x00007ffc3a020000 - 0x00007ffc3a04c000 	C:\Windows\SYSTEM32\Wldp.dll
0x00007ffc3b1a0000 - 0x00007ffc3b24d000 	C:\Windows\System32\SHCORE.dll
0x00007ffc3ccd0000 - 0x00007ffc3cd25000 	C:\Windows\System32\shlwapi.dll
0x00007ffc3a5e0000 - 0x00007ffc3a5ff000 	C:\Windows\SYSTEM32\profapi.dll
0x00007ffc32ec0000 - 0x00007ffc32ecc000 	D:\Java\Jdk17.0\bin\dt_socket.dll
0x00007ffc39ac0000 - 0x00007ffc39afb000 	C:\Windows\SYSTEM32\IPHLPAPI.DLL
0x00007ffc39e00000 - 0x00007ffc39e6a000 	C:\Windows\system32\mswsock.dll
0x00007ffc310d0000 - 0x00007ffc310e9000 	D:\Java\Jdk17.0\bin\net.dll
0x00007ffc354a0000 - 0x00007ffc355aa000 	C:\Windows\SYSTEM32\WINHTTP.dll
0x00007ffc29540000 - 0x00007ffc29556000 	D:\Java\Jdk17.0\bin\nio.dll
0x00007ffc35490000 - 0x00007ffc35499000 	D:\Java\Jdk17.0\bin\management.dll
0x00007ffc35480000 - 0x00007ffc3548b000 	D:\Java\Jdk17.0\bin\management_ext.dll
0x00007ffc140a0000 - 0x00007ffc140b7000 	C:\Windows\system32\napinsp.dll
0x00007ffc14080000 - 0x00007ffc1409b000 	C:\Windows\system32\pnrpnsp.dll
0x00007ffc359a0000 - 0x00007ffc359b5000 	C:\Windows\system32\wshbth.dll
0x00007ffc355b0000 - 0x00007ffc355cd000 	C:\Windows\system32\NLAapi.dll
0x00007ffc39b00000 - 0x00007ffc39bcb000 	C:\Windows\SYSTEM32\DNSAPI.dll
0x00007ffc3c740000 - 0x00007ffc3c748000 	C:\Windows\System32\NSI.dll
0x00007ffc14060000 - 0x00007ffc14072000 	C:\Windows\System32\winrnr.dll
0x00007ffc336a0000 - 0x00007ffc336aa000 	C:\Windows\System32\rasadhlp.dll
0x00007ffc33220000 - 0x00007ffc332a0000 	C:\Windows\System32\fwpuclnt.dll
0x00007ffc3abf0000 - 0x00007ffc3ac17000 	C:\Windows\System32\bcrypt.dll
0x00007ffc32550000 - 0x00007ffc32567000 	D:\Python\Anaconda3-2021.11\Library\bin\snappy.dll
0x00007ffbf96c0000 - 0x00007ffbf96f2000 	D:\Python\Anaconda3-2021.11\Library\bin\bzip2.dll
0x00007ffbf1220000 - 0x00007ffbf129c000 	D:\Python\Anaconda3-2021.11\Library\bin\zstd.dll
0x00007ffc3a060000 - 0x00007ffc3a078000 	C:\Windows\SYSTEM32\CRYPTSP.dll
0x00007ffc39730000 - 0x00007ffc39764000 	C:\Windows\system32\rsaenh.dll
0x00007ffc3a560000 - 0x00007ffc3a58e000 	C:\Windows\SYSTEM32\USERENV.dll
0x00007ffc39f90000 - 0x00007ffc39f9c000 	C:\Windows\SYSTEM32\CRYPTBASE.dll
0x00007ffc33890000 - 0x00007ffc338a7000 	C:\Windows\SYSTEM32\dhcpcsvc6.DLL
0x00007ffc33870000 - 0x00007ffc3388d000 	C:\Windows\SYSTEM32\dhcpcsvc.DLL
0x00007ffbbba80000 - 0x00007ffbbc07a000 	C:\Users\Corrado Mio\AppData\Local\Temp\librocksdbjni1007027846048856538.dll

dbghelp: loaded successfully - version: 4.0.5 - missing functions: none
symbol engine: initialized successfully - sym options: 0x614 - pdb path: .;D:\Java\Jdk17.0\bin;C:\Windows\SYSTEM32;C:\Windows\WinSxS\amd64_microsoft.windows.common-controls_6595b64144ccf1df_6.0.19041.1110_none_60b5254171f9507e;D:\Java\Jdk17.0\bin\server;D:\Python\Anaconda3-2021.11\Library\bin;C:\Users\Corrado Mio\AppData\Local\Temp

VM Arguments:
jvm_args: -agentlib:jdwp=transport=dt_socket,address=127.0.0.1:60552,suspend=y,server=n -javaagent:C:\Users\CORRAD~1\AppData\Local\Temp\captureAgent11894jars\debugger-agent.jar -Dfile.encoding=UTF-8 
java_command: org.hls.check.App
java_class_path (initial): D:\Projects.github\java_projects\check_keyvaluedb\target\classes;D:\Projects.github\java_projects\jext.compress\target\classes;D:\Projects.github\java_projects\jext.keyvalue\target\classes;D:\Projects.github\java_projects\jext.commons\target\classes;C:\Users\Corrado Mio\.m2\repository\com\github\junrar\junrar\4.0.0\junrar-4.0.0.jar;C:\Users\Corrado Mio\.m2\repository\org\apache\commons\commons-compress\1.20\commons-compress-1.20.jar;C:\Users\Corrado Mio\.m2\repository\org\tukaani\xz\1.8\xz-1.8.jar;C:\Users\Corrado Mio\.m2\repository\org\apache\commons\commons-lang3\3.11\commons-lang3-3.11.jar;C:\Users\Corrado Mio\.m2\repository\org\mapdb\mapdb\3.0.8\mapdb-3.0.8.jar;C:\Users\Corrado Mio\.m2\repository\org\lmdbjava\lmdbjava\0.8.1\lmdbjava-0.8.1.jar;C:\Users\Corrado Mio\.m2\repository\org\lmdbjava\lmdbjava-native-windows-x86_64\0.9.24-1\lmdbjava-native-windows-x86_64-0.9.24-1.jar;C:\Users\Corrado Mio\.m2\repository\org\iq80\leveldb\leveldb\0.12\leveldb-0.12.jar;C:\Users\Corrado Mio\.m2\repository\net\openhft\chronicle-map\3.21ea3\chronicle-map-3.21ea3.jar;C:\Users\Corrado Mio\.m2\repository\org\rocksdb\rocksdbjni\6.15.2\rocksdbjni-6.15.2.jar;C:\Users\Corrado Mio\.m2\repository\com\linkedin\paldb\paldb\1.2.0\paldb-1.2.0.jar;C:\Users\Corrado Mio\.m2\repository\io\swaydb\java_2.13\0.16.2\java_2.13-0.16.2.jar;C:\Users\Corrado Mio\.m2\repository\org\pcollections\pcollections\2.1.2\pcollections-2.1.2.jar;C:\Users\Corrado Mio\.m2\repository\berkeleydb\je\3.2.76\je-3.2.76.jar;C:\Users\Corrado Mio\.m2\repository\org\apache\logging\log4j\log4j-web\2.17.1\log4j-web-2.17.1.jar;C:\Users\Corrado Mio\.m2\repository\org\apache\logging\log4j\log4j-1.2-api\2.17.1\log4j-1.2-api-2.17.1.jar;C:\Users\Corrado Mio\.m2\repository\com\fasterxml\jackson\core\jackson-databind\2.11.0\jackson-databind-2.11.0.jar;C:\Users\Corrado Mio\.m2\repository\javax\xml\bind\jaxb-api\2.3.1\jaxb-api-2.3.1.jar;C:\Users\Corrado Mio\.m2\repository\org\slf4j\slf4j-api\1.7.30\slf4j-api-1.
Launcher Type: SUN_STANDARD

[Global flags]
     intx CICompilerCount                          = 12                                        {product} {ergonomic}
     uint ConcGCThreads                            = 3                                         {product} {ergonomic}
     uint G1ConcRefinementThreads                  = 13                                        {product} {ergonomic}
   size_t G1HeapRegionSize                         = 8388608                                   {product} {ergonomic}
    uintx GCDrainStackTargetSize                   = 64                                        {product} {ergonomic}
   size_t InitialHeapSize                          = 1065353216                                {product} {ergonomic}
   size_t MarkStackSize                            = 4194304                                   {product} {ergonomic}
   size_t MaxHeapSize                              = 16970153984                               {product} {ergonomic}
   size_t MaxNewSize                               = 10175381504                               {product} {ergonomic}
   size_t MinHeapDeltaBytes                        = 8388608                                   {product} {ergonomic}
   size_t MinHeapSize                              = 8388608                                   {product} {ergonomic}
    uintx NonNMethodCodeHeapSize                   = 7602480                                {pd product} {ergonomic}
    uintx NonProfiledCodeHeapSize                  = 122027880                              {pd product} {ergonomic}
    uintx ProfiledCodeHeapSize                     = 122027880                              {pd product} {ergonomic}
    uintx ReservedCodeCacheSize                    = 251658240                              {pd product} {ergonomic}
     bool SegmentedCodeCache                       = true                                      {product} {ergonomic}
   size_t SoftMaxHeapSize                          = 16970153984                            {manageable} {ergonomic}
     bool UseCompressedClassPointers               = true                           {product lp64_product} {ergonomic}
     bool UseCompressedOops                        = true                           {product lp64_product} {ergonomic}
     bool UseG1GC                                  = true                                      {product} {ergonomic}
     bool UseLargePagesIndividualAllocation        = false                                  {pd product} {ergonomic}

Logging:
Log output configuration:
 #0: stdout all=warning uptime,level,tags
 #1: stderr all=off uptime,level,tags

Environment Variables:
JAVA_HOME=D:\Java\Jdk11.0
PATH=D:\Programming\VulkanSDK\1.3.204.0\Bin;C:\Windows\system32;C:\Windows;C:\Windows\System32\Wbem;C:\Windows\System32\WindowsPowerShell\v1.0\;C:\Windows\System32\OpenSSH\;C:\Program Files (x86)\NVIDIA Corporation\PhysX\Common;C:\Program Files (x86)\Pulse Secure\VC142.CRT\X64\;C:\Program Files (x86)\Pulse Secure\VC142.CRT\X86\;C:\Program Files\dotnet\;C:\Program Files\Microsoft SQL Server\130\Tools\Binn\;C:\Program Files\Microsoft SQL Server\Client SDK\ODBC\170\Tools\Binn\;C:\Program Files\PowerShell\7\;C:\Program Files\Wolfram Research\WolframScript\;C:\Bin;D:\Bin;D:\Java;D:\Python;D:\Programming\git-2.31.1\bin;D:\Java\Jdk11.0\bin;D:\Python\Anaconda3-2021.11;D:\Python\Anaconda3-2021.11\bin;D:\Python\Anaconda3-2021.11\Scripts;D:\Python\Anaconda3-2021.11\Library\bin;C:\Users\Corrado Mio\AppData\Local\Microsoft\WindowsApps;D:\Programming\CUDA\v11.4\bin;D:\TeX\MiKTeX\miktex\bin\x64\;C:\Users\Corrado Mio\AppData\Local\GitHubDesktop\bin
USERNAME=Corrado Mio
OS=Windows_NT
PROCESSOR_IDENTIFIER=Intel64 Family 6 Model 141 Stepping 1, GenuineIntel



---------------  S Y S T E M  ---------------

OS:
 Windows 10 , 64 bit Build 19041 (10.0.19041.1706)
OS uptime: 2 days 21:25 hours
Hyper-V role detected

CPU: total 16 (initial active 16) (8 cores per cpu, 2 threads per core) family 6 model 141 stepping 1 microcode 0x3c, cx8, cmov, fxsr, ht, mmx, 3dnowpref, sse, sse2, sse3, ssse3, sse4.1, sse4.2, popcnt, lzcnt, tsc, tscinvbit, avx, avx2, aes, erms, clmul, bmi1, bmi2, adx, avx512f, avx512dq, avx512cd, avx512bw, avx512vl, sha, fma, vzeroupper, avx512_vpopcntdq, avx512_vpclmulqdq, avx512_vaes, avx512_vnni, clflush, clflushopt, clwb, avx512_vbmi2, avx512_vbmi, hv

Memory: 4k page, system-wide physical 64721M (42081M free)
TotalPageFile size 73937M (AvailPageFile size 48437M)
current process WorkingSet (physical memory assigned to process): 684M, peak: 755M
current process commit charge ("private bytes"): 1169M, peak: 1248M

vm_info: Java HotSpot(TM) 64-Bit Server VM (17.0.2+8-LTS-86) for windows-amd64 JRE (17.0.2+8-LTS-86), built on Dec  7 2021 21:51:03 by "mach5one" with MS VC++ 16.8 / 16.9 (VS2019)

END.
